<?xml version="1.0" encoding="UTF-8"?>
<testsuite name="ShipmentTypeTest" tests="4" skipped="0" failures="0" errors="0" timestamp="2024-07-22T18:57:41" hostname="FINCHCOMP" time="0.111">
  <properties/>
  <testcase name="testStandardShipment" classname="ShipmentTypeTest" time="0.105"/>
  <testcase name="testExpressShipment" classname="ShipmentTypeTest" time="0.004"/>
  <testcase name="testBulkShipment" classname="ShipmentTypeTest" time="0.001"/>
  <testcase name="testOvernightShipment" classname="ShipmentTypeTest" time="0.001"/>
  <system-out><![CDATA[4
]]></system-out>
  <system-err><![CDATA[]]></system-err>
</testsuite>
