<?xml version="1.0" encoding="UTF-8"?>
<testsuite name="TrackingViewHelperTest" tests="1" skipped="0" failures="0" errors="0" timestamp="2024-07-22T18:57:41" hostname="FINCHCOMP" time="0.094">
  <properties/>
  <testcase name="test addShipment adds" classname="TrackingViewHelperTest" time="0.094"/>
  <system-out><![CDATA[]]></system-out>
  <system-err><![CDATA[]]></system-err>
</testsuite>
