<?xml version="1.0" encoding="UTF-8"?>
<testsuite name="ShipmentFactoryTests" tests="5" skipped="0" failures="0" errors="0" timestamp="2024-07-22T18:57:41" hostname="FINCHCOMP" time="0.01">
  <properties/>
  <testcase name="testCreateStandardShipment" classname="ShipmentFactoryTests" time="0.003"/>
  <testcase name="testCreateUnknownShipment" classname="ShipmentFactoryTests" time="0.002"/>
  <testcase name="testCreateOvernightShipment" classname="ShipmentFactoryTests" time="0.002"/>
  <testcase name="testCreateBulkShipment" classname="ShipmentFactoryTests" time="0.002"/>
  <testcase name="testCreateExpressShipment" classname="ShipmentFactoryTests" time="0.001"/>
  <system-out><![CDATA[]]></system-out>
  <system-err><![CDATA[]]></system-err>
</testsuite>
